<?xml version="1.0" encoding="UTF-8"?>
<!-- Generated by org.testng.reporters.JUnitReportReporter -->
<testsuite hostname="DESKTOP-AF0RHMU" failures="0" tests="1" name="Assignment.AssignmentTest.TestAssignment" time="29.046" errors="0" timestamp="2023-02-09T23:00:55 IST" skipped="0">
  <testcase classname="Assignment.AssignmentTest.TestAssignment" name="testAss" time="29.046"/>
  <system-out/>
</testsuite> <!-- Assignment.AssignmentTest.TestAssignment -->
